<?xml version="1.0" encoding="UTF-8"?>
<!-- Generated by org.testng.reporters.JUnitReportReporter -->
<testsuite skipped="0" hostname="ADMIN-PC" name="validateapi.APITest" tests="3" failures="0" timestamp="18 Nov 2018 20:24:12 GMT" time="0.415" errors="0">
  <testcase name="nameTest" time="0.390" classname="validateapi.APITest"/>
  <testcase name="canRelist_booleanTest" time="0.010" classname="validateapi.APITest"/>
  <testcase name="descriptionTest" time="0.015" classname="validateapi.APITest"/>
</testsuite> <!-- validateapi.APITest -->
